0 info it worked if it ends with ok
1 verbose cli [ '/Users/hafizalfaza/.nvm/versions/node/v6.12.2/bin/node',
1 verbose cli   '/Users/hafizalfaza/.nvm/versions/node/v6.12.2/bin/npm',
1 verbose cli   'run',
1 verbose cli   'dev' ]
2 info using npm@3.10.10
3 info using node@v6.12.2
4 verbose run-script [ 'predev', 'dev', 'postdev' ]
5 info lifecycle rrssrbp@1.0.0~predev: rrssrbp@1.0.0
6 silly lifecycle rrssrbp@1.0.0~predev: no script for predev, continuing
7 info lifecycle rrssrbp@1.0.0~dev: rrssrbp@1.0.0
8 verbose lifecycle rrssrbp@1.0.0~dev: unsafe-perm in lifecycle true
9 verbose lifecycle rrssrbp@1.0.0~dev: PATH: /Users/hafizalfaza/.nvm/versions/node/v6.12.2/lib/node_modules/npm/bin/node-gyp-bin:/Users/hafizalfaza/practice/react/instaclone/node_modules/.bin:/Users/hafizalfaza/.nvm/versions/node/v6.12.2/bin:/usr/bin:/bin:/usr/sbin:/sbin:/usr/local/bin:/Users/hafizalfaza/Library/Android/sdk/tools:/Users/hafizalfaza/Library/Android/sdk/platform-tools:/usr/local/mongodb/bin
10 verbose lifecycle rrssrbp@1.0.0~dev: CWD: /Users/hafizalfaza/practice/react/instaclone
11 silly lifecycle rrssrbp@1.0.0~dev: Args: [ '-c',
11 silly lifecycle   'yarn run webpack:development && yarn run node:development' ]
12 silly lifecycle rrssrbp@1.0.0~dev: Returned: code: 1  signal: null
13 info lifecycle rrssrbp@1.0.0~dev: Failed to exec dev script
14 verbose stack Error: rrssrbp@1.0.0 dev: `yarn run webpack:development && yarn run node:development`
14 verbose stack Exit status 1
14 verbose stack     at EventEmitter.<anonymous> (/Users/hafizalfaza/.nvm/versions/node/v6.12.2/lib/node_modules/npm/lib/utils/lifecycle.js:255:16)
14 verbose stack     at emitTwo (events.js:106:13)
14 verbose stack     at EventEmitter.emit (events.js:191:7)
14 verbose stack     at ChildProcess.<anonymous> (/Users/hafizalfaza/.nvm/versions/node/v6.12.2/lib/node_modules/npm/lib/utils/spawn.js:40:14)
14 verbose stack     at emitTwo (events.js:106:13)
14 verbose stack     at ChildProcess.emit (events.js:191:7)
14 verbose stack     at maybeClose (internal/child_process.js:920:16)
14 verbose stack     at Process.ChildProcess._handle.onexit (internal/child_process.js:230:5)
15 verbose pkgid rrssrbp@1.0.0
16 verbose cwd /Users/hafizalfaza/practice/react/instaclone
17 error Darwin 17.3.0
18 error argv "/Users/hafizalfaza/.nvm/versions/node/v6.12.2/bin/node" "/Users/hafizalfaza/.nvm/versions/node/v6.12.2/bin/npm" "run" "dev"
19 error node v6.12.2
20 error npm  v3.10.10
21 error code ELIFECYCLE
22 error rrssrbp@1.0.0 dev: `yarn run webpack:development && yarn run node:development`
22 error Exit status 1
23 error Failed at the rrssrbp@1.0.0 dev script 'yarn run webpack:development && yarn run node:development'.
23 error Make sure you have the latest version of node.js and npm installed.
23 error If you do, this is most likely a problem with the rrssrbp package,
23 error not with npm itself.
23 error Tell the author that this fails on your system:
23 error     yarn run webpack:development && yarn run node:development
23 error You can get information on how to open an issue for this project with:
23 error     npm bugs rrssrbp
23 error Or if that isn't available, you can get their info via:
23 error     npm owner ls rrssrbp
23 error There is likely additional logging output above.
24 verbose exit [ 1, true ]
